<?xml version="1.0" encoding="UTF-8"?>
<!-- Generated by org.testng.reporters.JUnitReportReporter -->
<testsuite hostname="ThuHang" failures="0" tests="1" name="automation.testsuite.day17.Ex2" time="12.817" errors="0" timestamp="2023-12-17T17:26:08 ICT" skipped="0">
  <testcase classname="automation.testsuite.day17.Ex2" name="verifyChatZalo" time="12.817"/>
  <system-out/>
</testsuite> <!-- automation.testsuite.day17.Ex2 -->
